<?xml version="1.0" encoding="UTF-8"?>
<!-- Generated by org.testng.reporters.JUnitReportReporter -->
<testsuite hostname="DESKTOP-3Q225KI" failures="0" tests="3" name="pageobjectmodel.homepagetest" time="1.104" errors="0" timestamp="31 May 2023 05:19:25 GMT" skipped="0">
  <testcase classname="pageobjectmodel.homepagetest" name="searchtest" time="1.057"/>
  <testcase classname="pageobjectmodel.homepagetest" name="homepagetitletest" time="0.037"/>
  <testcase classname="pageobjectmodel.homepagetest" name="homepageurl" time="0.010"/>
</testsuite> <!-- pageobjectmodel.homepagetest -->
